Flow report for reg74HC374
Sat Dec 25 11:50:28 2021
Quartus Prime Version 21.1.0 Build 842 10/21/2021 SJ Lite Edition


---------------------
; Table of Contents ;
---------------------
  1. Legal Notice
  2. Flow Summary
  3. Flow Settings
  4. Flow Non-Default Global Settings
  5. Flow Elapsed Time
  6. Flow OS Summary
  7. Flow Log
  8. Flow Messages
  9. Flow Suppressed Messages



----------------
; Legal Notice ;
----------------
Copyright (C) 2021  Intel Corporation. All rights reserved.
Your use of Intel Corporation's design tools, logic functions 
and other software and tools, and any partner logic 
functions, and any output files from any of the foregoing 
(including device programming or simulation files), and any 
associated documentation or information are expressly subject 
to the terms and conditions of the Intel Program License 
Subscription Agreement, the Intel Quartus Prime License Agreement,
the Intel FPGA IP License Agreement, or other applicable license
agreement, including, without limitation, that your use is for
the sole purpose of programming logic devices manufactured by
Intel and sold by Intel or its authorized distributors.  Please
refer to the applicable agreement for further details, at
https://fpgasoftware.intel.com/eula.



+---------------------------------------------------------------------------------+
; Flow Summary                                                                    ;
+-----------------------------------+---------------------------------------------+
; Flow Status                       ; Successful - Sat Dec 25 11:50:28 2021       ;
; Quartus Prime Version             ; 21.1.0 Build 842 10/21/2021 SJ Lite Edition ;
; Revision Name                     ; reg74HC374                                  ;
; Top-level Entity Name             ; reg74HC374                                  ;
; Family                            ; Arria II GX                                 ;
; Logic utilization                 ; < 1 %                                       ;
;     Combinational ALUTs           ; 0 / 36,100 ( 0 % )                          ;
;     Memory ALUTs                  ; 0 / 18,050 ( 0 % )                          ;
;     Dedicated logic registers     ; 16 / 36,100 ( < 1 % )                       ;
; Total registers                   ; 16                                          ;
; Total pins                        ; 18 / 176 ( 10 % )                           ;
; Total virtual pins                ; 0                                           ;
; Total block memory bits           ; 0 / 2,939,904 ( 0 % )                       ;
; DSP block 18-bit elements         ; 0 / 232 ( 0 % )                             ;
; Total GXB Receiver Channel PCS    ; 0 / 4 ( 0 % )                               ;
; Total GXB Receiver Channel PMA    ; 0 / 4 ( 0 % )                               ;
; Total GXB Transmitter Channel PCS ; 0 / 4 ( 0 % )                               ;
; Total GXB Transmitter Channel PMA ; 0 / 4 ( 0 % )                               ;
; Total PLLs                        ; 0 / 4 ( 0 % )                               ;
; Total DLLs                        ; 0 / 2 ( 0 % )                               ;
; Device                            ; EP2AGX45CU17I3                              ;
; Timing Models                     ; Final                                       ;
+-----------------------------------+---------------------------------------------+


+-----------------------------------------+
; Flow Settings                           ;
+-------------------+---------------------+
; Option            ; Setting             ;
+-------------------+---------------------+
; Start date & time ; 12/25/2021 11:46:52 ;
; Main task         ; Compilation         ;
; Revision Name     ; reg74HC374          ;
+-------------------+---------------------+


+-------------------------------------------------------------------------------------------------------------------------+
; Flow Non-Default Global Settings                                                                                        ;
+-------------------------------------+----------------------------------------+---------------+-------------+------------+
; Assignment Name                     ; Value                                  ; Default Value ; Entity Name ; Section Id ;
+-------------------------------------+----------------------------------------+---------------+-------------+------------+
; COMPILER_SIGNATURE_ID               ; 189193367320213.164040401207112        ; --            ; --          ; --         ;
; PARTITION_COLOR                     ; -- (Not supported for targeted family) ; --            ; --          ; Top        ;
; PARTITION_FITTER_PRESERVATION_LEVEL ; -- (Not supported for targeted family) ; --            ; --          ; Top        ;
; PARTITION_NETLIST_TYPE              ; -- (Not supported for targeted family) ; --            ; --          ; Top        ;
; PROJECT_OUTPUT_DIRECTORY            ; output_files                           ; --            ; --          ; --         ;
+-------------------------------------+----------------------------------------+---------------+-------------+------------+


+--------------------------------------------------------------------------------------------------------------------------+
; Flow Elapsed Time                                                                                                        ;
+----------------------+--------------+-------------------------+---------------------+------------------------------------+
; Module Name          ; Elapsed Time ; Average Processors Used ; Peak Virtual Memory ; Total CPU Time (on all processors) ;
+----------------------+--------------+-------------------------+---------------------+------------------------------------+
; Analysis & Synthesis ; 00:00:07     ; 1.0                     ; 4860 MB             ; 00:00:20                           ;
; Fitter               ; 00:00:08     ; 1.1                     ; 6780 MB             ; 00:00:11                           ;
; Assembler            ; 00:00:02     ; 1.0                     ; 4822 MB             ; 00:00:02                           ;
; Timing Analyzer      ; 00:00:02     ; 1.1                     ; 5016 MB             ; 00:00:02                           ;
; EDA Netlist Writer   ; 00:00:01     ; 1.0                     ; 4710 MB             ; 00:00:00                           ;
; EDA Netlist Writer   ; 00:00:01     ; 1.0                     ; 4723 MB             ; 00:00:00                           ;
; Total                ; 00:00:21     ; --                      ; --                  ; 00:00:35                           ;
+----------------------+--------------+-------------------------+---------------------+------------------------------------+


+------------------------------------------------------------------------------------+
; Flow OS Summary                                                                    ;
+----------------------+------------------+------------+------------+----------------+
; Module Name          ; Machine Hostname ; OS Name    ; OS Version ; Processor type ;
+----------------------+------------------+------------+------------+----------------+
; Analysis & Synthesis ; DESKTOP-VBDACHR  ; Windows 10 ; 10.0       ; x86_64         ;
; Fitter               ; DESKTOP-VBDACHR  ; Windows 10 ; 10.0       ; x86_64         ;
; Assembler            ; DESKTOP-VBDACHR  ; Windows 10 ; 10.0       ; x86_64         ;
; Timing Analyzer      ; DESKTOP-VBDACHR  ; Windows 10 ; 10.0       ; x86_64         ;
; EDA Netlist Writer   ; DESKTOP-VBDACHR  ; Windows 10 ; 10.0       ; x86_64         ;
; EDA Netlist Writer   ; DESKTOP-VBDACHR  ; Windows 10 ; 10.0       ; x86_64         ;
+----------------------+------------------+------------+------------+----------------+


------------
; Flow Log ;
------------
quartus_map --read_settings_files=on --write_settings_files=off reg74HC374 -c reg74HC374
quartus_fit --read_settings_files=off --write_settings_files=off reg74HC374 -c reg74HC374
quartus_asm --read_settings_files=off --write_settings_files=off reg74HC374 -c reg74HC374
quartus_sta reg74HC374 -c reg74HC374
quartus_eda --gen_testbench --tool=modelsim_oem --format=verilog --write_settings_files=off reg74HC374 -c reg74HC374 --vector_source=E:/assignment/DESIM/Ch6/74HC374/Waveform.vwf --testbench_file=E:/assignment/DESIM/Ch6/74HC374/simulation/qsim/Waveform.vwf.vt
quartus_eda --write_settings_files=off --simulation=on --functional=on --flatten_buses=off --tool=modelsim_oem --format=verilog --output_directory=E:/assignment/DESIM/Ch6/74HC374/simulation/qsim/ reg74HC374 -c reg74HC374



