Timing Analyzer report for latch_74HC373
Sat Dec 25 12:17:32 2021
Quartus Prime Version 21.1.0 Build 842 10/21/2021 SJ Lite Edition


---------------------
; Table of Contents ;
---------------------
  1. Legal Notice
  2. Timing Analyzer Summary
  3. Parallel Compilation
  4. Clocks
  5. Slow 900mV 100C Model Fmax Summary
  6. Timing Closure Recommendations
  7. Slow 900mV 100C Model Setup Summary
  8. Slow 900mV 100C Model Hold Summary
  9. Slow 900mV 100C Model Recovery Summary
 10. Slow 900mV 100C Model Removal Summary
 11. Slow 900mV 100C Model Minimum Pulse Width Summary
 12. Slow 900mV 100C Model Metastability Summary
 13. Slow 900mV -40C Model Fmax Summary
 14. Slow 900mV -40C Model Setup Summary
 15. Slow 900mV -40C Model Hold Summary
 16. Slow 900mV -40C Model Recovery Summary
 17. Slow 900mV -40C Model Removal Summary
 18. Slow 900mV -40C Model Minimum Pulse Width Summary
 19. Slow 900mV -40C Model Metastability Summary
 20. Fast 900mV -40C Model Setup Summary
 21. Fast 900mV -40C Model Hold Summary
 22. Fast 900mV -40C Model Recovery Summary
 23. Fast 900mV -40C Model Removal Summary
 24. Fast 900mV -40C Model Minimum Pulse Width Summary
 25. Fast 900mV -40C Model Metastability Summary
 26. Multicorner Timing Analysis Summary
 27. Board Trace Model Assignments
 28. Input Transition Times
 29. Signal Integrity Metrics (Slow 900mv n40c Model)
 30. Signal Integrity Metrics (Slow 900mv 100c Model)
 31. Signal Integrity Metrics (Fast 900mv n40c Model)
 32. Clock Transfers
 33. Report TCCS
 34. Report RSKM
 35. Unconstrained Paths Summary
 36. Clock Status Summary
 37. Unconstrained Input Ports
 38. Unconstrained Output Ports
 39. Unconstrained Input Ports
 40. Unconstrained Output Ports
 41. Timing Analyzer Messages



----------------
; Legal Notice ;
----------------
Copyright (C) 2021  Intel Corporation. All rights reserved.
Your use of Intel Corporation's design tools, logic functions 
and other software and tools, and any partner logic 
functions, and any output files from any of the foregoing 
(including device programming or simulation files), and any 
associated documentation or information are expressly subject 
to the terms and conditions of the Intel Program License 
Subscription Agreement, the Intel Quartus Prime License Agreement,
the Intel FPGA IP License Agreement, or other applicable license
agreement, including, without limitation, that your use is for
the sole purpose of programming logic devices manufactured by
Intel and sold by Intel or its authorized distributors.  Please
refer to the applicable agreement for further details, at
https://fpgasoftware.intel.com/eula.



+-----------------------------------------------------------------------------+
; Timing Analyzer Summary                                                     ;
+-----------------------+-----------------------------------------------------+
; Quartus Prime Version ; Version 21.1.0 Build 842 10/21/2021 SJ Lite Edition ;
; Timing Analyzer       ; Legacy Timing Analyzer                              ;
; Revision Name         ; latch_74HC373                                       ;
; Device Family         ; Arria II GX                                         ;
; Device Name           ; EP2AGX45CU17I3                                      ;
; Timing Models         ; Final                                               ;
; Delay Model           ; Combined                                            ;
; Rise/Fall Delays      ; Enabled                                             ;
+-----------------------+-----------------------------------------------------+


+------------------------------------------+
; Parallel Compilation                     ;
+----------------------------+-------------+
; Processors                 ; Number      ;
+----------------------------+-------------+
; Number detected on machine ; 16          ;
; Maximum allowed            ; 16          ;
;                            ;             ;
; Average used               ; 1.07        ;
; Maximum used               ; 16          ;
;                            ;             ;
; Usage by Processor         ; % Time Used ;
;     Processor 1            ; 100.0%      ;
;     Processors 2-16        ;   0.5%      ;
+----------------------------+-------------+


+---------------------------------------------------------------------------------------------------------------------------------------------------------------------------------+
; Clocks                                                                                                                                                                          ;
+------------+------+--------+------------+-------+-------+------------+-----------+-------------+-------+--------+-----------+------------+----------+--------+--------+---------+
; Clock Name ; Type ; Period ; Frequency  ; Rise  ; Fall  ; Duty Cycle ; Divide by ; Multiply by ; Phase ; Offset ; Edge List ; Edge Shift ; Inverted ; Master ; Source ; Targets ;
+------------+------+--------+------------+-------+-------+------------+-----------+-------------+-------+--------+-----------+------------+----------+--------+--------+---------+
; LE         ; Base ; 1.000  ; 1000.0 MHz ; 0.000 ; 0.500 ;            ;           ;             ;       ;        ;           ;            ;          ;        ;        ; { LE }  ;
+------------+------+--------+------------+-------+-------+------------+-----------+-------------+-------+--------+-----------+------------+----------+--------+--------+---------+


--------------------------------------
; Slow 900mV 100C Model Fmax Summary ;
--------------------------------------
No paths to report.


----------------------------------
; Timing Closure Recommendations ;
----------------------------------
HTML report is unavailable in plain text report export.


---------------------------------------
; Slow 900mV 100C Model Setup Summary ;
---------------------------------------
No paths to report.


--------------------------------------
; Slow 900mV 100C Model Hold Summary ;
--------------------------------------
No paths to report.


------------------------------------------
; Slow 900mV 100C Model Recovery Summary ;
------------------------------------------
No paths to report.


-----------------------------------------
; Slow 900mV 100C Model Removal Summary ;
-----------------------------------------
No paths to report.


+---------------------------------------------------+
; Slow 900mV 100C Model Minimum Pulse Width Summary ;
+-------+--------+----------------------------------+
; Clock ; Slack  ; End Point TNS                    ;
+-------+--------+----------------------------------+
; LE    ; -2.846 ; -2.846                           ;
+-------+--------+----------------------------------+


-----------------------------------------------
; Slow 900mV 100C Model Metastability Summary ;
-----------------------------------------------
No synchronizer chains to report.


--------------------------------------
; Slow 900mV -40C Model Fmax Summary ;
--------------------------------------
No paths to report.


---------------------------------------
; Slow 900mV -40C Model Setup Summary ;
---------------------------------------
No paths to report.


--------------------------------------
; Slow 900mV -40C Model Hold Summary ;
--------------------------------------
No paths to report.


------------------------------------------
; Slow 900mV -40C Model Recovery Summary ;
------------------------------------------
No paths to report.


-----------------------------------------
; Slow 900mV -40C Model Removal Summary ;
-----------------------------------------
No paths to report.


+---------------------------------------------------+
; Slow 900mV -40C Model Minimum Pulse Width Summary ;
+-------+--------+----------------------------------+
; Clock ; Slack  ; End Point TNS                    ;
+-------+--------+----------------------------------+
; LE    ; -2.846 ; -2.846                           ;
+-------+--------+----------------------------------+


-----------------------------------------------
; Slow 900mV -40C Model Metastability Summary ;
-----------------------------------------------
No synchronizer chains to report.


---------------------------------------
; Fast 900mV -40C Model Setup Summary ;
---------------------------------------
No paths to report.


--------------------------------------
; Fast 900mV -40C Model Hold Summary ;
--------------------------------------
No paths to report.


------------------------------------------
; Fast 900mV -40C Model Recovery Summary ;
------------------------------------------
No paths to report.


-----------------------------------------
; Fast 900mV -40C Model Removal Summary ;
-----------------------------------------
No paths to report.


+---------------------------------------------------+
; Fast 900mV -40C Model Minimum Pulse Width Summary ;
+-------+--------+----------------------------------+
; Clock ; Slack  ; End Point TNS                    ;
+-------+--------+----------------------------------+
; LE    ; -2.846 ; -2.846                           ;
+-------+--------+----------------------------------+


-----------------------------------------------
; Fast 900mV -40C Model Metastability Summary ;
-----------------------------------------------
No synchronizer chains to report.


+----------------------------------------------------------------------------+
; Multicorner Timing Analysis Summary                                        ;
+------------------+-------+------+----------+---------+---------------------+
; Clock            ; Setup ; Hold ; Recovery ; Removal ; Minimum Pulse Width ;
+------------------+-------+------+----------+---------+---------------------+
; Worst-case Slack ; N/A   ; N/A  ; N/A      ; N/A     ; -2.846              ;
;  LE              ; N/A   ; N/A  ; N/A      ; N/A     ; -2.846              ;
; Design-wide TNS  ; 0.0   ; 0.0  ; 0.0      ; 0.0     ; -2.846              ;
;  LE              ; N/A   ; N/A  ; N/A      ; N/A     ; -2.846              ;
+------------------+-------+------+----------+---------+---------------------+


+------------------------------------------------------------------------------------------------------------------------------------------------------------------------------------------------------------------------------------------------------------------------------------------------------------------------------------------------------------------------------------------------------------------+
; Board Trace Model Assignments                                                                                                                                                                                                                                                                                                                                                                                    ;
+---------------+--------------+-------------------+-------------------------+-------------------------+---------------+---------------------+----------------+------------------+--------+------------------+------------------------+------------------------+--------------+---------------+-----------------+-------+---------------------+--------------------+---------------+-----------------+-------------+
; Pin           ; I/O Standard ; Near Tline Length ; Near Tline L per Length ; Near Tline C per Length ; Near Series R ; Near Differential R ; Near Pull-up R ; Near Pull-down R ; Near C ; Far Tline Length ; Far Tline L per Length ; Far Tline C per Length ; Far Series R ; Far Pull-up R ; Far Pull-down R ; Far C ; Termination Voltage ; Far Differential R ; EBD File Name ; EBD Signal Name ; EBD Far-end ;
+---------------+--------------+-------------------+-------------------------+-------------------------+---------------+---------------------+----------------+------------------+--------+------------------+------------------------+------------------------+--------------+---------------+-----------------+-------+---------------------+--------------------+---------------+-----------------+-------------+
; Q[0]          ; 2.5 V        ; 0 in              ; 0 H/in                  ; 0 F/in                  ; short         ; -                   ; open           ; open             ; open   ; 0 in             ; 0 H/in                 ; 0 F/in                 ; short        ; open          ; open            ; open  ; 0 V                 ; -                  ; n/a           ; n/a             ; n/a         ;
; Q[1]          ; 2.5 V        ; 0 in              ; 0 H/in                  ; 0 F/in                  ; short         ; -                   ; open           ; open             ; open   ; 0 in             ; 0 H/in                 ; 0 F/in                 ; short        ; open          ; open            ; open  ; 0 V                 ; -                  ; n/a           ; n/a             ; n/a         ;
; Q[2]          ; 2.5 V        ; 0 in              ; 0 H/in                  ; 0 F/in                  ; short         ; -                   ; open           ; open             ; open   ; 0 in             ; 0 H/in                 ; 0 F/in                 ; short        ; open          ; open            ; open  ; 0 V                 ; -                  ; n/a           ; n/a             ; n/a         ;
; Q[3]          ; 2.5 V        ; 0 in              ; 0 H/in                  ; 0 F/in                  ; short         ; -                   ; open           ; open             ; open   ; 0 in             ; 0 H/in                 ; 0 F/in                 ; short        ; open          ; open            ; open  ; 0 V                 ; -                  ; n/a           ; n/a             ; n/a         ;
; Q[4]          ; 2.5 V        ; 0 in              ; 0 H/in                  ; 0 F/in                  ; short         ; -                   ; open           ; open             ; open   ; 0 in             ; 0 H/in                 ; 0 F/in                 ; short        ; open          ; open            ; open  ; 0 V                 ; -                  ; n/a           ; n/a             ; n/a         ;
; Q[5]          ; 2.5 V        ; 0 in              ; 0 H/in                  ; 0 F/in                  ; short         ; -                   ; open           ; open             ; open   ; 0 in             ; 0 H/in                 ; 0 F/in                 ; short        ; open          ; open            ; open  ; 0 V                 ; -                  ; n/a           ; n/a             ; n/a         ;
; Q[6]          ; 2.5 V        ; 0 in              ; 0 H/in                  ; 0 F/in                  ; short         ; -                   ; open           ; open             ; open   ; 0 in             ; 0 H/in                 ; 0 F/in                 ; short        ; open          ; open            ; open  ; 0 V                 ; -                  ; n/a           ; n/a             ; n/a         ;
; Q[7]          ; 2.5 V        ; 0 in              ; 0 H/in                  ; 0 F/in                  ; short         ; -                   ; open           ; open             ; open   ; 0 in             ; 0 H/in                 ; 0 F/in                 ; short        ; open          ; open            ; open  ; 0 V                 ; -                  ; n/a           ; n/a             ; n/a         ;
; ~ALTERA_nCEO~ ; 2.5 V        ; 0 in              ; 0 H/in                  ; 0 F/in                  ; short         ; -                   ; open           ; open             ; open   ; 0 in             ; 0 H/in                 ; 0 F/in                 ; short        ; open          ; open            ; open  ; 0 V                 ; -                  ; n/a           ; n/a             ; n/a         ;
+---------------+--------------+-------------------+-------------------------+-------------------------+---------------+---------------------+----------------+------------------+--------+------------------+------------------------+------------------------+--------------+---------------+-----------------+-------+---------------------+--------------------+---------------+-----------------+-------------+


+---------------------------------------------------------+
; Input Transition Times                                  ;
+------+--------------+-----------------+-----------------+
; Pin  ; I/O Standard ; 10-90 Rise Time ; 90-10 Fall Time ;
+------+--------------+-----------------+-----------------+
; D[0] ; 2.5 V        ; 2000 ps         ; 2000 ps         ;
; LE   ; 2.5 V        ; 2000 ps         ; 2000 ps         ;
; OE   ; 2.5 V        ; 2000 ps         ; 2000 ps         ;
; D[1] ; 2.5 V        ; 2000 ps         ; 2000 ps         ;
; D[2] ; 2.5 V        ; 2000 ps         ; 2000 ps         ;
; D[3] ; 2.5 V        ; 2000 ps         ; 2000 ps         ;
; D[4] ; 2.5 V        ; 2000 ps         ; 2000 ps         ;
; D[5] ; 2.5 V        ; 2000 ps         ; 2000 ps         ;
; D[6] ; 2.5 V        ; 2000 ps         ; 2000 ps         ;
; D[7] ; 2.5 V        ; 2000 ps         ; 2000 ps         ;
+------+--------------+-----------------+-----------------+


+--------------------------------------------------------------------------------------------------------------------------------------------------------------------------------------------------------------------------------------------------------------------------------------------------------------------------------------------------------------------------------------------------------------------------------------------------------------------------------------------------------------------------------------------------------------------------------------------------------------------------------------------------------------------------------------------+
; Signal Integrity Metrics (Slow 900mv n40c Model)                                                                                                                                                                                                                                                                                                                                                                                                                                                                                                                                                                                                                                           ;
+---------------+--------------+---------------------+---------------------+------------------------------+------------------------------+---------------------+---------------------+--------------------------------------+--------------------------------------+-----------------------------+-----------------------------+----------------------------+----------------------------+-----------------------------+-----------------------------+--------------------+--------------------+-------------------------------------+-------------------------------------+----------------------------+----------------------------+---------------------------+---------------------------+
; Pin           ; I/O Standard ; Board Delay on Rise ; Board Delay on Fall ; Steady State Voh at FPGA Pin ; Steady State Vol at FPGA Pin ; Voh Max at FPGA Pin ; Vol Min at FPGA Pin ; Ringback Voltage on Rise at FPGA Pin ; Ringback Voltage on Fall at FPGA Pin ; 10-90 Rise Time at FPGA Pin ; 90-10 Fall Time at FPGA Pin ; Monotonic Rise at FPGA Pin ; Monotonic Fall at FPGA Pin ; Steady State Voh at Far-end ; Steady State Vol at Far-end ; Voh Max at Far-end ; Vol Min at Far-end ; Ringback Voltage on Rise at Far-end ; Ringback Voltage on Fall at Far-end ; 10-90 Rise Time at Far-end ; 90-10 Fall Time at Far-end ; Monotonic Rise at Far-end ; Monotonic Fall at Far-end ;
+---------------+--------------+---------------------+---------------------+------------------------------+------------------------------+---------------------+---------------------+--------------------------------------+--------------------------------------+-----------------------------+-----------------------------+----------------------------+----------------------------+-----------------------------+-----------------------------+--------------------+--------------------+-------------------------------------+-------------------------------------+----------------------------+----------------------------+---------------------------+---------------------------+
; Q[0]          ; 2.5 V        ; 0 s                 ; 0 s                 ; 2.28 V                       ; 3.96e-08 V                   ; 2.31 V              ; -0.0217 V           ; 0.231 V                              ; 0.167 V                              ; 5.27e-10 s                  ; 4.98e-10 s                  ; No                         ; Yes                        ; 2.28 V                      ; 3.96e-08 V                  ; 2.31 V             ; -0.0217 V          ; 0.231 V                             ; 0.167 V                             ; 5.27e-10 s                 ; 4.98e-10 s                 ; No                        ; Yes                       ;
; Q[1]          ; 2.5 V        ; 0 s                 ; 0 s                 ; 2.28 V                       ; 3.94e-08 V                   ; 2.31 V              ; -0.0225 V           ; 0.246 V                              ; 0.189 V                              ; 5.43e-10 s                  ; 5.09e-10 s                  ; No                         ; Yes                        ; 2.28 V                      ; 3.94e-08 V                  ; 2.31 V             ; -0.0225 V          ; 0.246 V                             ; 0.189 V                             ; 5.43e-10 s                 ; 5.09e-10 s                 ; No                        ; Yes                       ;
; Q[2]          ; 2.5 V        ; 0 s                 ; 0 s                 ; 2.28 V                       ; 3.94e-08 V                   ; 2.31 V              ; -0.0225 V           ; 0.246 V                              ; 0.189 V                              ; 5.43e-10 s                  ; 5.09e-10 s                  ; No                         ; Yes                        ; 2.28 V                      ; 3.94e-08 V                  ; 2.31 V             ; -0.0225 V          ; 0.246 V                             ; 0.189 V                             ; 5.43e-10 s                 ; 5.09e-10 s                 ; No                        ; Yes                       ;
; Q[3]          ; 2.5 V        ; 0 s                 ; 0 s                 ; 2.28 V                       ; 3.96e-08 V                   ; 2.31 V              ; -0.0217 V           ; 0.231 V                              ; 0.167 V                              ; 5.27e-10 s                  ; 4.98e-10 s                  ; No                         ; Yes                        ; 2.28 V                      ; 3.96e-08 V                  ; 2.31 V             ; -0.0217 V          ; 0.231 V                             ; 0.167 V                             ; 5.27e-10 s                 ; 4.98e-10 s                 ; No                        ; Yes                       ;
; Q[4]          ; 2.5 V        ; 0 s                 ; 0 s                 ; 2.28 V                       ; 3.94e-08 V                   ; 2.31 V              ; -0.0225 V           ; 0.246 V                              ; 0.189 V                              ; 5.43e-10 s                  ; 5.09e-10 s                  ; No                         ; Yes                        ; 2.28 V                      ; 3.94e-08 V                  ; 2.31 V             ; -0.0225 V          ; 0.246 V                             ; 0.189 V                             ; 5.43e-10 s                 ; 5.09e-10 s                 ; No                        ; Yes                       ;
; Q[5]          ; 2.5 V        ; 0 s                 ; 0 s                 ; 2.28 V                       ; 3.94e-08 V                   ; 2.31 V              ; -0.0225 V           ; 0.246 V                              ; 0.189 V                              ; 5.43e-10 s                  ; 5.09e-10 s                  ; No                         ; Yes                        ; 2.28 V                      ; 3.94e-08 V                  ; 2.31 V             ; -0.0225 V          ; 0.246 V                             ; 0.189 V                             ; 5.43e-10 s                 ; 5.09e-10 s                 ; No                        ; Yes                       ;
; Q[6]          ; 2.5 V        ; 0 s                 ; 0 s                 ; 2.28 V                       ; 3.96e-08 V                   ; 2.31 V              ; -0.0217 V           ; 0.231 V                              ; 0.167 V                              ; 5.27e-10 s                  ; 4.98e-10 s                  ; No                         ; Yes                        ; 2.28 V                      ; 3.96e-08 V                  ; 2.31 V             ; -0.0217 V          ; 0.231 V                             ; 0.167 V                             ; 5.27e-10 s                 ; 4.98e-10 s                 ; No                        ; Yes                       ;
; Q[7]          ; 2.5 V        ; 0 s                 ; 0 s                 ; 2.28 V                       ; 3.96e-08 V                   ; 2.31 V              ; -0.0217 V           ; 0.231 V                              ; 0.167 V                              ; 5.27e-10 s                  ; 4.98e-10 s                  ; No                         ; Yes                        ; 2.28 V                      ; 3.96e-08 V                  ; 2.31 V             ; -0.0217 V          ; 0.231 V                             ; 0.167 V                             ; 5.27e-10 s                 ; 4.98e-10 s                 ; No                        ; Yes                       ;
; ~ALTERA_nCEO~ ; 2.5 V        ; 0 s                 ; 0 s                 ; 2.28 V                       ; 4.66e-08 V                   ; 2.31 V              ; -0.0175 V           ; 0.195 V                              ; 0.162 V                              ; 5.16e-10 s                  ; 6.14e-10 s                  ; No                         ; Yes                        ; 2.28 V                      ; 4.66e-08 V                  ; 2.31 V             ; -0.0175 V          ; 0.195 V                             ; 0.162 V                             ; 5.16e-10 s                 ; 6.14e-10 s                 ; No                        ; Yes                       ;
+---------------+--------------+---------------------+---------------------+------------------------------+------------------------------+---------------------+---------------------+--------------------------------------+--------------------------------------+-----------------------------+-----------------------------+----------------------------+----------------------------+-----------------------------+-----------------------------+--------------------+--------------------+-------------------------------------+-------------------------------------+----------------------------+----------------------------+---------------------------+---------------------------+


+--------------------------------------------------------------------------------------------------------------------------------------------------------------------------------------------------------------------------------------------------------------------------------------------------------------------------------------------------------------------------------------------------------------------------------------------------------------------------------------------------------------------------------------------------------------------------------------------------------------------------------------------------------------------------------------------+
; Signal Integrity Metrics (Slow 900mv 100c Model)                                                                                                                                                                                                                                                                                                                                                                                                                                                                                                                                                                                                                                           ;
+---------------+--------------+---------------------+---------------------+------------------------------+------------------------------+---------------------+---------------------+--------------------------------------+--------------------------------------+-----------------------------+-----------------------------+----------------------------+----------------------------+-----------------------------+-----------------------------+--------------------+--------------------+-------------------------------------+-------------------------------------+----------------------------+----------------------------+---------------------------+---------------------------+
; Pin           ; I/O Standard ; Board Delay on Rise ; Board Delay on Fall ; Steady State Voh at FPGA Pin ; Steady State Vol at FPGA Pin ; Voh Max at FPGA Pin ; Vol Min at FPGA Pin ; Ringback Voltage on Rise at FPGA Pin ; Ringback Voltage on Fall at FPGA Pin ; 10-90 Rise Time at FPGA Pin ; 90-10 Fall Time at FPGA Pin ; Monotonic Rise at FPGA Pin ; Monotonic Fall at FPGA Pin ; Steady State Voh at Far-end ; Steady State Vol at Far-end ; Voh Max at Far-end ; Vol Min at Far-end ; Ringback Voltage on Rise at Far-end ; Ringback Voltage on Fall at Far-end ; 10-90 Rise Time at Far-end ; 90-10 Fall Time at Far-end ; Monotonic Rise at Far-end ; Monotonic Fall at Far-end ;
+---------------+--------------+---------------------+---------------------+------------------------------+------------------------------+---------------------+---------------------+--------------------------------------+--------------------------------------+-----------------------------+-----------------------------+----------------------------+----------------------------+-----------------------------+-----------------------------+--------------------+--------------------+-------------------------------------+-------------------------------------+----------------------------+----------------------------+---------------------------+---------------------------+
; Q[0]          ; 2.5 V        ; 0 s                 ; 0 s                 ; 2.28 V                       ; 3.39e-05 V                   ; 2.29 V              ; -0.00908 V          ; 0.154 V                              ; 0.085 V                              ; 7.35e-10 s                  ; 7.15e-10 s                  ; Yes                        ; Yes                        ; 2.28 V                      ; 3.39e-05 V                  ; 2.29 V             ; -0.00908 V         ; 0.154 V                             ; 0.085 V                             ; 7.35e-10 s                 ; 7.15e-10 s                 ; Yes                       ; Yes                       ;
; Q[1]          ; 2.5 V        ; 0 s                 ; 0 s                 ; 2.28 V                       ; 3.39e-05 V                   ; 2.29 V              ; -0.00905 V          ; 0.105 V                              ; 0.096 V                              ; 7.51e-10 s                  ; 7.28e-10 s                  ; Yes                        ; Yes                        ; 2.28 V                      ; 3.39e-05 V                  ; 2.29 V             ; -0.00905 V         ; 0.105 V                             ; 0.096 V                             ; 7.51e-10 s                 ; 7.28e-10 s                 ; Yes                       ; Yes                       ;
; Q[2]          ; 2.5 V        ; 0 s                 ; 0 s                 ; 2.28 V                       ; 3.39e-05 V                   ; 2.29 V              ; -0.00905 V          ; 0.105 V                              ; 0.096 V                              ; 7.51e-10 s                  ; 7.28e-10 s                  ; Yes                        ; Yes                        ; 2.28 V                      ; 3.39e-05 V                  ; 2.29 V             ; -0.00905 V         ; 0.105 V                             ; 0.096 V                             ; 7.51e-10 s                 ; 7.28e-10 s                 ; Yes                       ; Yes                       ;
; Q[3]          ; 2.5 V        ; 0 s                 ; 0 s                 ; 2.28 V                       ; 3.39e-05 V                   ; 2.29 V              ; -0.00908 V          ; 0.154 V                              ; 0.085 V                              ; 7.35e-10 s                  ; 7.15e-10 s                  ; Yes                        ; Yes                        ; 2.28 V                      ; 3.39e-05 V                  ; 2.29 V             ; -0.00908 V         ; 0.154 V                             ; 0.085 V                             ; 7.35e-10 s                 ; 7.15e-10 s                 ; Yes                       ; Yes                       ;
; Q[4]          ; 2.5 V        ; 0 s                 ; 0 s                 ; 2.28 V                       ; 3.39e-05 V                   ; 2.29 V              ; -0.00905 V          ; 0.105 V                              ; 0.096 V                              ; 7.51e-10 s                  ; 7.28e-10 s                  ; Yes                        ; Yes                        ; 2.28 V                      ; 3.39e-05 V                  ; 2.29 V             ; -0.00905 V         ; 0.105 V                             ; 0.096 V                             ; 7.51e-10 s                 ; 7.28e-10 s                 ; Yes                       ; Yes                       ;
; Q[5]          ; 2.5 V        ; 0 s                 ; 0 s                 ; 2.28 V                       ; 3.39e-05 V                   ; 2.29 V              ; -0.00905 V          ; 0.105 V                              ; 0.096 V                              ; 7.51e-10 s                  ; 7.28e-10 s                  ; Yes                        ; Yes                        ; 2.28 V                      ; 3.39e-05 V                  ; 2.29 V             ; -0.00905 V         ; 0.105 V                             ; 0.096 V                             ; 7.51e-10 s                 ; 7.28e-10 s                 ; Yes                       ; Yes                       ;
; Q[6]          ; 2.5 V        ; 0 s                 ; 0 s                 ; 2.28 V                       ; 3.39e-05 V                   ; 2.29 V              ; -0.00908 V          ; 0.154 V                              ; 0.085 V                              ; 7.35e-10 s                  ; 7.15e-10 s                  ; Yes                        ; Yes                        ; 2.28 V                      ; 3.39e-05 V                  ; 2.29 V             ; -0.00908 V         ; 0.154 V                             ; 0.085 V                             ; 7.35e-10 s                 ; 7.15e-10 s                 ; Yes                       ; Yes                       ;
; Q[7]          ; 2.5 V        ; 0 s                 ; 0 s                 ; 2.28 V                       ; 3.39e-05 V                   ; 2.29 V              ; -0.00908 V          ; 0.154 V                              ; 0.085 V                              ; 7.35e-10 s                  ; 7.15e-10 s                  ; Yes                        ; Yes                        ; 2.28 V                      ; 3.39e-05 V                  ; 2.29 V             ; -0.00908 V         ; 0.154 V                             ; 0.085 V                             ; 7.35e-10 s                 ; 7.15e-10 s                 ; Yes                       ; Yes                       ;
; ~ALTERA_nCEO~ ; 2.5 V        ; 0 s                 ; 0 s                 ; 2.28 V                       ; 3.99e-05 V                   ; 2.29 V              ; -0.0073 V           ; 0.123 V                              ; 0.105 V                              ; 6.6e-10 s                   ; 8.47e-10 s                  ; Yes                        ; Yes                        ; 2.28 V                      ; 3.99e-05 V                  ; 2.29 V             ; -0.0073 V          ; 0.123 V                             ; 0.105 V                             ; 6.6e-10 s                  ; 8.47e-10 s                 ; Yes                       ; Yes                       ;
+---------------+--------------+---------------------+---------------------+------------------------------+------------------------------+---------------------+---------------------+--------------------------------------+--------------------------------------+-----------------------------+-----------------------------+----------------------------+----------------------------+-----------------------------+-----------------------------+--------------------+--------------------+-------------------------------------+-------------------------------------+----------------------------+----------------------------+---------------------------+---------------------------+


+--------------------------------------------------------------------------------------------------------------------------------------------------------------------------------------------------------------------------------------------------------------------------------------------------------------------------------------------------------------------------------------------------------------------------------------------------------------------------------------------------------------------------------------------------------------------------------------------------------------------------------------------------------------------------------------------+
; Signal Integrity Metrics (Fast 900mv n40c Model)                                                                                                                                                                                                                                                                                                                                                                                                                                                                                                                                                                                                                                           ;
+---------------+--------------+---------------------+---------------------+------------------------------+------------------------------+---------------------+---------------------+--------------------------------------+--------------------------------------+-----------------------------+-----------------------------+----------------------------+----------------------------+-----------------------------+-----------------------------+--------------------+--------------------+-------------------------------------+-------------------------------------+----------------------------+----------------------------+---------------------------+---------------------------+
; Pin           ; I/O Standard ; Board Delay on Rise ; Board Delay on Fall ; Steady State Voh at FPGA Pin ; Steady State Vol at FPGA Pin ; Voh Max at FPGA Pin ; Vol Min at FPGA Pin ; Ringback Voltage on Rise at FPGA Pin ; Ringback Voltage on Fall at FPGA Pin ; 10-90 Rise Time at FPGA Pin ; 90-10 Fall Time at FPGA Pin ; Monotonic Rise at FPGA Pin ; Monotonic Fall at FPGA Pin ; Steady State Voh at Far-end ; Steady State Vol at Far-end ; Voh Max at Far-end ; Vol Min at Far-end ; Ringback Voltage on Rise at Far-end ; Ringback Voltage on Fall at Far-end ; 10-90 Rise Time at Far-end ; 90-10 Fall Time at Far-end ; Monotonic Rise at Far-end ; Monotonic Fall at Far-end ;
+---------------+--------------+---------------------+---------------------+------------------------------+------------------------------+---------------------+---------------------+--------------------------------------+--------------------------------------+-----------------------------+-----------------------------+----------------------------+----------------------------+-----------------------------+-----------------------------+--------------------+--------------------+-------------------------------------+-------------------------------------+----------------------------+----------------------------+---------------------------+---------------------------+
; Q[0]          ; 2.5 V        ; 0 s                 ; 0 s                 ; 2.62 V                       ; 7.68e-08 V                   ; 2.68 V              ; -0.0394 V           ; 0.316 V                              ; 0.256 V                              ; 4.09e-10 s                  ; 3.98e-10 s                  ; No                         ; Yes                        ; 2.62 V                      ; 7.68e-08 V                  ; 2.68 V             ; -0.0394 V          ; 0.316 V                             ; 0.256 V                             ; 4.09e-10 s                 ; 3.98e-10 s                 ; No                        ; Yes                       ;
; Q[1]          ; 2.5 V        ; 0 s                 ; 0 s                 ; 2.62 V                       ; 7.69e-08 V                   ; 2.68 V              ; -0.0427 V           ; 0.198 V                              ; 0.138 V                              ; 5.01e-10 s                  ; 4.77e-10 s                  ; No                         ; No                         ; 2.62 V                      ; 7.69e-08 V                  ; 2.68 V             ; -0.0427 V          ; 0.198 V                             ; 0.138 V                             ; 5.01e-10 s                 ; 4.77e-10 s                 ; No                        ; No                        ;
; Q[2]          ; 2.5 V        ; 0 s                 ; 0 s                 ; 2.62 V                       ; 7.69e-08 V                   ; 2.68 V              ; -0.0427 V           ; 0.198 V                              ; 0.138 V                              ; 5.01e-10 s                  ; 4.77e-10 s                  ; No                         ; No                         ; 2.62 V                      ; 7.69e-08 V                  ; 2.68 V             ; -0.0427 V          ; 0.198 V                             ; 0.138 V                             ; 5.01e-10 s                 ; 4.77e-10 s                 ; No                        ; No                        ;
; Q[3]          ; 2.5 V        ; 0 s                 ; 0 s                 ; 2.62 V                       ; 7.68e-08 V                   ; 2.68 V              ; -0.0394 V           ; 0.316 V                              ; 0.256 V                              ; 4.09e-10 s                  ; 3.98e-10 s                  ; No                         ; Yes                        ; 2.62 V                      ; 7.68e-08 V                  ; 2.68 V             ; -0.0394 V          ; 0.316 V                             ; 0.256 V                             ; 4.09e-10 s                 ; 3.98e-10 s                 ; No                        ; Yes                       ;
; Q[4]          ; 2.5 V        ; 0 s                 ; 0 s                 ; 2.62 V                       ; 7.69e-08 V                   ; 2.68 V              ; -0.0427 V           ; 0.198 V                              ; 0.138 V                              ; 5.01e-10 s                  ; 4.77e-10 s                  ; No                         ; No                         ; 2.62 V                      ; 7.69e-08 V                  ; 2.68 V             ; -0.0427 V          ; 0.198 V                             ; 0.138 V                             ; 5.01e-10 s                 ; 4.77e-10 s                 ; No                        ; No                        ;
; Q[5]          ; 2.5 V        ; 0 s                 ; 0 s                 ; 2.62 V                       ; 7.69e-08 V                   ; 2.68 V              ; -0.0427 V           ; 0.198 V                              ; 0.138 V                              ; 5.01e-10 s                  ; 4.77e-10 s                  ; No                         ; No                         ; 2.62 V                      ; 7.69e-08 V                  ; 2.68 V             ; -0.0427 V          ; 0.198 V                             ; 0.138 V                             ; 5.01e-10 s                 ; 4.77e-10 s                 ; No                        ; No                        ;
; Q[6]          ; 2.5 V        ; 0 s                 ; 0 s                 ; 2.62 V                       ; 7.68e-08 V                   ; 2.68 V              ; -0.0394 V           ; 0.316 V                              ; 0.256 V                              ; 4.09e-10 s                  ; 3.98e-10 s                  ; No                         ; Yes                        ; 2.62 V                      ; 7.68e-08 V                  ; 2.68 V             ; -0.0394 V          ; 0.316 V                             ; 0.256 V                             ; 4.09e-10 s                 ; 3.98e-10 s                 ; No                        ; Yes                       ;
; Q[7]          ; 2.5 V        ; 0 s                 ; 0 s                 ; 2.62 V                       ; 7.68e-08 V                   ; 2.68 V              ; -0.0394 V           ; 0.316 V                              ; 0.256 V                              ; 4.09e-10 s                  ; 3.98e-10 s                  ; No                         ; Yes                        ; 2.62 V                      ; 7.68e-08 V                  ; 2.68 V             ; -0.0394 V          ; 0.316 V                             ; 0.256 V                             ; 4.09e-10 s                 ; 3.98e-10 s                 ; No                        ; Yes                       ;
; ~ALTERA_nCEO~ ; 2.5 V        ; 0 s                 ; 0 s                 ; 2.62 V                       ; 9.03e-08 V                   ; 2.68 V              ; -0.0326 V           ; 0.275 V                              ; 0.222 V                              ; 4e-10 s                     ; 5.06e-10 s                  ; No                         ; Yes                        ; 2.62 V                      ; 9.03e-08 V                  ; 2.68 V             ; -0.0326 V          ; 0.275 V                             ; 0.222 V                             ; 4e-10 s                    ; 5.06e-10 s                 ; No                        ; Yes                       ;
+---------------+--------------+---------------------+---------------------+------------------------------+------------------------------+---------------------+---------------------+--------------------------------------+--------------------------------------+-----------------------------+-----------------------------+----------------------------+----------------------------+-----------------------------+-----------------------------+--------------------+--------------------+-------------------------------------+-------------------------------------+----------------------------+----------------------------+---------------------------+---------------------------+


-------------------
; Clock Transfers ;
-------------------
Nothing to report.


---------------
; Report TCCS ;
---------------
No dedicated SERDES Transmitter circuitry present in device or used in design


---------------
; Report RSKM ;
---------------
No non-DPA dedicated SERDES Receiver circuitry present in device or used in design


+------------------------------------------------+
; Unconstrained Paths Summary                    ;
+---------------------------------+-------+------+
; Property                        ; Setup ; Hold ;
+---------------------------------+-------+------+
; Illegal Clocks                  ; 0     ; 0    ;
; Unconstrained Clocks            ; 0     ; 0    ;
; Unconstrained Input Ports       ; 9     ; 9    ;
; Unconstrained Input Port Paths  ; 17    ; 17   ;
; Unconstrained Output Ports      ; 8     ; 8    ;
; Unconstrained Output Port Paths ; 16    ; 16   ;
+---------------------------------+-------+------+


+-------------------------------------+
; Clock Status Summary                ;
+--------+-------+------+-------------+
; Target ; Clock ; Type ; Status      ;
+--------+-------+------+-------------+
; LE     ; LE    ; Base ; Constrained ;
+--------+-------+------+-------------+


+---------------------------------------------------------------------------------------------------+
; Unconstrained Input Ports                                                                         ;
+------------+--------------------------------------------------------------------------------------+
; Input Port ; Comment                                                                              ;
+------------+--------------------------------------------------------------------------------------+
; D[0]       ; No input delay, min/max delays, false-path exceptions, or max skew assignments found ;
; D[1]       ; No input delay, min/max delays, false-path exceptions, or max skew assignments found ;
; D[2]       ; No input delay, min/max delays, false-path exceptions, or max skew assignments found ;
; D[3]       ; No input delay, min/max delays, false-path exceptions, or max skew assignments found ;
; D[4]       ; No input delay, min/max delays, false-path exceptions, or max skew assignments found ;
; D[5]       ; No input delay, min/max delays, false-path exceptions, or max skew assignments found ;
; D[6]       ; No input delay, min/max delays, false-path exceptions, or max skew assignments found ;
; D[7]       ; No input delay, min/max delays, false-path exceptions, or max skew assignments found ;
; OE         ; No input delay, min/max delays, false-path exceptions, or max skew assignments found ;
+------------+--------------------------------------------------------------------------------------+


+-----------------------------------------------------------------------------------------------------+
; Unconstrained Output Ports                                                                          ;
+-------------+---------------------------------------------------------------------------------------+
; Output Port ; Comment                                                                               ;
+-------------+---------------------------------------------------------------------------------------+
; Q[0]        ; No output delay, min/max delays, false-path exceptions, or max skew assignments found ;
; Q[1]        ; No output delay, min/max delays, false-path exceptions, or max skew assignments found ;
; Q[2]        ; No output delay, min/max delays, false-path exceptions, or max skew assignments found ;
; Q[3]        ; No output delay, min/max delays, false-path exceptions, or max skew assignments found ;
; Q[4]        ; No output delay, min/max delays, false-path exceptions, or max skew assignments found ;
; Q[5]        ; No output delay, min/max delays, false-path exceptions, or max skew assignments found ;
; Q[6]        ; No output delay, min/max delays, false-path exceptions, or max skew assignments found ;
; Q[7]        ; No output delay, min/max delays, false-path exceptions, or max skew assignments found ;
+-------------+---------------------------------------------------------------------------------------+


+---------------------------------------------------------------------------------------------------+
; Unconstrained Input Ports                                                                         ;
+------------+--------------------------------------------------------------------------------------+
; Input Port ; Comment                                                                              ;
+------------+--------------------------------------------------------------------------------------+
; D[0]       ; No input delay, min/max delays, false-path exceptions, or max skew assignments found ;
; D[1]       ; No input delay, min/max delays, false-path exceptions, or max skew assignments found ;
; D[2]       ; No input delay, min/max delays, false-path exceptions, or max skew assignments found ;
; D[3]       ; No input delay, min/max delays, false-path exceptions, or max skew assignments found ;
; D[4]       ; No input delay, min/max delays, false-path exceptions, or max skew assignments found ;
; D[5]       ; No input delay, min/max delays, false-path exceptions, or max skew assignments found ;
; D[6]       ; No input delay, min/max delays, false-path exceptions, or max skew assignments found ;
; D[7]       ; No input delay, min/max delays, false-path exceptions, or max skew assignments found ;
; OE         ; No input delay, min/max delays, false-path exceptions, or max skew assignments found ;
+------------+--------------------------------------------------------------------------------------+


+-----------------------------------------------------------------------------------------------------+
; Unconstrained Output Ports                                                                          ;
+-------------+---------------------------------------------------------------------------------------+
; Output Port ; Comment                                                                               ;
+-------------+---------------------------------------------------------------------------------------+
; Q[0]        ; No output delay, min/max delays, false-path exceptions, or max skew assignments found ;
; Q[1]        ; No output delay, min/max delays, false-path exceptions, or max skew assignments found ;
; Q[2]        ; No output delay, min/max delays, false-path exceptions, or max skew assignments found ;
; Q[3]        ; No output delay, min/max delays, false-path exceptions, or max skew assignments found ;
; Q[4]        ; No output delay, min/max delays, false-path exceptions, or max skew assignments found ;
; Q[5]        ; No output delay, min/max delays, false-path exceptions, or max skew assignments found ;
; Q[6]        ; No output delay, min/max delays, false-path exceptions, or max skew assignments found ;
; Q[7]        ; No output delay, min/max delays, false-path exceptions, or max skew assignments found ;
+-------------+---------------------------------------------------------------------------------------+


+--------------------------+
; Timing Analyzer Messages ;
+--------------------------+
Info: *******************************************************************
Info: Running Quartus Prime Timing Analyzer
    Info: Version 21.1.0 Build 842 10/21/2021 SJ Lite Edition
    Info: Processing started: Sat Dec 25 12:17:30 2021
Info: Command: quartus_sta latch_74HC373 -c latch_74HC373
Info: qsta_default_script.tcl version: #1
Warning (18236): Number of processors has not been specified which may cause overloading on shared machines.  Set the global assignment NUM_PARALLEL_PROCESSORS in your QSF to an appropriate value for best performance.
Info (20030): Parallel compilation is enabled and will use 16 of the 16 processors detected
Info (21076): High junction temperature operating condition is not set. Assuming a default value of '100'.
Info (21076): Low junction temperature operating condition is not set. Assuming a default value of '-40'.
Warning (335093): The Timing Analyzer is analyzing 9 combinational loops as latches. For more details, run the Check Timing command in the Timing Analyzer or view the "User-Specified and Inferred Latches" table in the Analysis & Synthesis report.
Critical Warning (332012): Synopsys Design Constraints File file not found: 'latch_74HC373.sdc'. A Synopsys Design Constraints File is required by the Timing Analyzer to get proper timing constraints. Without it, the Compiler will not properly optimize the design.
Info (332142): No user constrained base clocks found in the design. Calling "derive_clocks -period 1.0"
Info (332105): Deriving Clocks
    Info (332105): create_clock -period 1.000 -name LE LE
Info (332143): No user constrained clock uncertainty found in the design. Calling "derive_clock_uncertainty"
Info (332154): The derive_clock_uncertainty command did not apply clock uncertainty to any clock-to-clock transfers.
Info: Found TIMING_ANALYZER_REPORT_SCRIPT_INCLUDE_DEFAULT_ANALYSIS = ON
Info: Analyzing Slow 900mV 100C Model
Info (332140): No fmax paths to report
Info (332140): No Setup paths to report
Info (332140): No Hold paths to report
Info (332140): No Recovery paths to report
Info (332140): No Removal paths to report
Critical Warning (332148): Timing requirements not met
    Info (11105): For recommendations on closing timing, run Report Timing Closure Recommendations in the Timing Analyzer.
Info (332146): Worst-case minimum pulse width slack is -2.846
    Info (332119):     Slack       End Point TNS Clock 
    Info (332119): ========= =================== =====================
    Info (332119):    -2.846              -2.846 LE 
Info: Analyzing Slow 900mV -40C Model
Info (334003): Started post-fitting delay annotation
Info (334004): Delay annotation completed successfully
Info (332154): The derive_clock_uncertainty command did not apply clock uncertainty to any clock-to-clock transfers.
Info (332140): No fmax paths to report
Info (332140): No Setup paths to report
Info (332140): No Hold paths to report
Info (332140): No Recovery paths to report
Info (332140): No Removal paths to report
Critical Warning (332148): Timing requirements not met
    Info (11105): For recommendations on closing timing, run Report Timing Closure Recommendations in the Timing Analyzer.
Info (332146): Worst-case minimum pulse width slack is -2.846
    Info (332119):     Slack       End Point TNS Clock 
    Info (332119): ========= =================== =====================
    Info (332119):    -2.846              -2.846 LE 
Info: Analyzing Fast 900mV -40C Model
Info (332154): The derive_clock_uncertainty command did not apply clock uncertainty to any clock-to-clock transfers.
Info (332140): No Setup paths to report
Info (332140): No Hold paths to report
Info (332140): No Recovery paths to report
Info (332140): No Removal paths to report
Critical Warning (332148): Timing requirements not met
    Info (11105): For recommendations on closing timing, run Report Timing Closure Recommendations in the Timing Analyzer.
Info (332146): Worst-case minimum pulse width slack is -2.846
    Info (332119):     Slack       End Point TNS Clock 
    Info (332119): ========= =================== =====================
    Info (332119):    -2.846              -2.846 LE 
Info (21076): High junction temperature operating condition is not set. Assuming a default value of '100'.
Info (21076): Low junction temperature operating condition is not set. Assuming a default value of '-40'.
Info (332154): The derive_clock_uncertainty command did not apply clock uncertainty to any clock-to-clock transfers.
Info (332102): Design is not fully constrained for setup requirements
Info (332102): Design is not fully constrained for hold requirements
Info: Quartus Prime Timing Analyzer was successful. 0 errors, 6 warnings
    Info: Peak virtual memory: 5015 megabytes
    Info: Processing ended: Sat Dec 25 12:17:32 2021
    Info: Elapsed time: 00:00:02
    Info: Total CPU time (on all processors): 00:00:02


